[35m[Appium][39m Welcome to Appium v1.22.2
[35m[Appium][39m Non-default server args:
[35m[Appium][39m   port: 55408
[35m[Appium][39m   loglevel: info
[35m[Appium][39m   tmpDir: C:\Users\MSI\AppData\Local\Temp\\Katalon\Appium\Temp1678467430007
[35m[Appium][39m   chromedriverPort: 55409
[35m[Appium][39m Deprecated server args:
[35m[Appium][39m   [31m--chromedriver-port[39m => --default-capabilities
[35m[Appium][39m Default capabilities, which will be added to each request unless overridden by desired capabilities:
[35m[Appium][39m   chromedriverPort: 55409
[35m[Appium][39m Appium REST http interface listener started on 0.0.0.0:55408
[35m[HTTP][39m [37m-->[39m [37mGET[39m [37m/wd/hub/status[39m
[35m[HTTP][39m [90m{}[39m
[35m[HTTP][39m [37m<-- GET /wd/hub/status [39m[32m200[39m [90m4 ms - 68[39m
[35m[HTTP][39m [90m[39m
[35m[HTTP][39m [37m-->[39m [37mGET[39m [37m/wd/hub/status[39m
[35m[HTTP][39m [90m{}[39m
[35m[HTTP][39m [37m<-- GET /wd/hub/status [39m[32m200[39m [90m1 ms - 68[39m
[35m[HTTP][39m [90m[39m
[35m[HTTP][39m [37m-->[39m [37mPOST[39m [37m/wd/hub/session[39m
[35m[HTTP][39m [90m{"desiredCapabilities":{"appActivity":".Settings","appPackage":"com.android.settings","newCommandTimeout":1800,"platformVersion":"10","automationName":"uiautomator2","autoGrantPermissions":true,"platformName":"Android","udid":"emulator-5556","deviceName":"emulator-5556 (Android SDK built for x86_64 - Android 10)","platform":"ANDROID","systemPort":8293},"capabilities":{"firstMatch":[{"appium:appActivity":".Settings","appium:appPackage":"com.android.settings","appium:autoGrantPermissions":true,"appium:automationName":"uiautomator2","appium:deviceName":"emulator-5556 (Android SDK built for x86_64 - Android 10)","appium:newCommandTimeout":1800,"platform":"ANDROID","platformName":"android","appium:platformVersion":"10","appium:systemPort":8293,"appium:udid":"emulator-5556"}]}}[39m
[35m[BaseDriver][39m The following capabilities are not standard capabilities and should have an extension prefix:
[35m[BaseDriver][39m   platform
[35m[BaseDriver][39m   chromedriverPort
[35m[Appium][39m Appium v1.22.2 creating new AndroidUiautomator2Driver (v1.70.1) session
[35m[BaseDriver][39m The following capabilities were provided, but are not recognized by Appium:
[35m[BaseDriver][39m   platform
[35m[BaseDriver][39m Session created with session id: e704a196-7258-4ee8-a8e1-235d60f2cfcc
[35m[UiAutomator2][39m Starting 'com.android.settings' directly on the device
[35m[ADB][39m Found 1 'build-tools' folders under 'C:\Users\MSI\AppData\Local\Android\Sdk' (newest first):
[35m[ADB][39m     C:/Users/MSI/AppData/Local/Android/Sdk/build-tools/32.0.0
[35m[ADB][39m Using 'adb.exe' from 'C:\Users\MSI\AppData\Local\Android\Sdk\platform-tools\adb.exe'
[35m[AndroidDriver][39m Retrieving device list
[35m[AndroidDriver][39m Using device: emulator-5556
[35m[ADB][39m Using 'adb.exe' from 'C:\Users\MSI\AppData\Local\Android\Sdk\platform-tools\adb.exe'
[35m[ADB][39m Getting device platform version
[35m[UiAutomator2][39m Relaxing hidden api policy
[35m[AndroidDriver][39m No app sent in, not parsing package/activity
[35m[ADB][39m Using 'apksigner.jar' from 'C:\Users\MSI\AppData\Local\Android\Sdk\build-tools\32.0.0\lib\apksigner.jar'
[35m[ADB][39m 'C:\Users\MSI\AppData\Roaming\npm\node_modules\appium\node_modules\appium-uiautomator2-server\apks\appium-uiautomator2-server-v4.27.0.apk' is signed with the default certificate
[35m[ADB][39m 'C:\Users\MSI\AppData\Roaming\npm\node_modules\appium\node_modules\appium-uiautomator2-server\apks\appium-uiautomator2-server-debug-androidTest.apk' is signed with the default certificate
[35m[UiAutomator2][39m Server packages are not going to be (re)installed
[35m[ADB][39m Adding packages ["io.appium.settings","io.appium.uiautomator2.server","io.appium.uiautomator2.server.test"] to Doze whitelist
[35m[UiAutomator2][39m Starting UIAutomator2 server 4.27.0
[35m[UiAutomator2][39m Using UIAutomator2 server from 'C:\Users\MSI\AppData\Roaming\npm\node_modules\appium\node_modules\appium-uiautomator2-server\apks\appium-uiautomator2-server-v4.27.0.apk' and test from 'C:\Users\MSI\AppData\Roaming\npm\node_modules\appium\node_modules\appium-uiautomator2-server\apks\appium-uiautomator2-server-debug-androidTest.apk'
[35m[UiAutomator2][39m Waiting up to 30000ms for UiAutomator2 to be online...
[35m[WD Proxy][39m socket hang up
[35m[WD Proxy][39m socket hang up
[35m[WD Proxy][39m socket hang up
[35m[WD Proxy][39m Determined the downstream protocol as 'W3C'
[35m[AndroidDriver][39m Screen already unlocked, doing nothing
[35m[UiAutomator2][39m Starting 'com.android.settings/.Settings and waiting for 'com.android.settings/.Settings'
[35m[Appium][39m New AndroidUiautomator2Driver session created successfully, session e704a196-7258-4ee8-a8e1-235d60f2cfcc added to master session list
[35m[HTTP][39m [37m<-- POST /wd/hub/session [39m[32m200[39m [90m8030 ms - 1213[39m
[35m[HTTP][39m [90m[39m
[35m[HTTP][39m [37m-->[39m [37mGET[39m [37m/wd/hub/session/e704a196-7258-4ee8-a8e1-235d60f2cfcc[39m
[35m[HTTP][39m [90m{}[39m
[35m[HTTP][39m [37m<-- GET /wd/hub/session/e704a196-7258-4ee8-a8e1-235d60f2cfcc [39m[32m200[39m [90m8 ms - 1167[39m
[35m[HTTP][39m [90m[39m
[35m[HTTP][39m [37m-->[39m [37mGET[39m [37m/wd/hub/session/e704a196-7258-4ee8-a8e1-235d60f2cfcc[39m
[35m[HTTP][39m [90m{}[39m
[35m[HTTP][39m [37m<-- GET /wd/hub/session/e704a196-7258-4ee8-a8e1-235d60f2cfcc [39m[32m200[39m [90m11 ms - 1167[39m
[35m[HTTP][39m [90m[39m
[35m[HTTP][39m [37m-->[39m [37mGET[39m [37m/wd/hub/status[39m
[35m[HTTP][39m [90m{}[39m
[35m[HTTP][39m [37m<-- GET /wd/hub/status [39m[32m200[39m [90m1 ms - 68[39m
[35m[HTTP][39m [90m[39m
[35m[HTTP][39m [37m-->[39m [37mPOST[39m [37m/wd/hub/session/e704a196-7258-4ee8-a8e1-235d60f2cfcc/timeouts[39m
[35m[HTTP][39m [90m{"implicit":60000}[39m
[35m[HTTP][39m [37m<-- POST /wd/hub/session/e704a196-7258-4ee8-a8e1-235d60f2cfcc/timeouts [39m[32m200[39m [90m2 ms - 14[39m
[35m[HTTP][39m [90m[39m
[35m[HTTP][39m [37m-->[39m [37mGET[39m [37m/wd/hub/session/e704a196-7258-4ee8-a8e1-235d60f2cfcc/screenshot[39m
[35m[HTTP][39m [90m{}[39m
[35m[HTTP][39m [37m<-- GET /wd/hub/session/e704a196-7258-4ee8-a8e1-235d60f2cfcc/screenshot [39m[32m200[39m [90m484 ms - 70932[39m
[35m[HTTP][39m [90m[39m
[35m[HTTP][39m [37m-->[39m [37mGET[39m [37m/wd/hub/session/e704a196-7258-4ee8-a8e1-235d60f2cfcc/window/rect[39m
[35m[HTTP][39m [90m{}[39m
[35m[HTTP][39m [37m<-- GET /wd/hub/session/e704a196-7258-4ee8-a8e1-235d60f2cfcc/window/rect [39m[32m200[39m [90m30 ms - 50[39m
[35m[HTTP][39m [90m[39m
[35m[HTTP][39m [37m-->[39m [37mGET[39m [37m/wd/hub/session/e704a196-7258-4ee8-a8e1-235d60f2cfcc/appium/device/system_bars[39m
[35m[HTTP][39m [90m{}[39m
[35m[HTTP][39m [37m<-- GET /wd/hub/session/e704a196-7258-4ee8-a8e1-235d60f2cfcc/appium/device/system_bars [39m[32m200[39m [90m127 ms - 148[39m
[35m[HTTP][39m [90m[39m
[35m[HTTP][39m [37m-->[39m [37mPOST[39m [37m/wd/hub/session/e704a196-7258-4ee8-a8e1-235d60f2cfcc/appium/device/activate_app[39m
[35m[HTTP][39m [90m{"bundleId":"com.temandiabetes.android"}[39m
[35m[HTTP][39m [37m<-- POST /wd/hub/session/e704a196-7258-4ee8-a8e1-235d60f2cfcc/appium/device/activate_app [39m[32m200[39m [90m736 ms - 14[39m
[35m[HTTP][39m [90m[39m
[35m[HTTP][39m [37m-->[39m [37mGET[39m [37m/wd/hub/session/e704a196-7258-4ee8-a8e1-235d60f2cfcc/source[39m
[35m[HTTP][39m [90m{}[39m
[35m[W3C (e704a196)][39m Driver proxy active, passing request on via HTTP proxy
[35m[WD Proxy][39m Replacing sessionId 4fda3819-663f-43bb-861d-c788ce7d4809 with e704a196-7258-4ee8-a8e1-235d60f2cfcc
[35m[HTTP][39m [37m<-- GET /wd/hub/session/e704a196-7258-4ee8-a8e1-235d60f2cfcc/source [39m[32m200[39m [90m884 ms - 26566[39m
[35m[HTTP][39m [90m[39m
[35m[HTTP][39m [37m-->[39m [37mGET[39m [37m/wd/hub/session/e704a196-7258-4ee8-a8e1-235d60f2cfcc/screenshot[39m
[35m[HTTP][39m [90m{}[39m
[35m[HTTP][39m [37m<-- GET /wd/hub/session/e704a196-7258-4ee8-a8e1-235d60f2cfcc/screenshot [39m[32m200[39m [90m211 ms - 157248[39m
[35m[HTTP][39m [90m[39m
[35m[HTTP][39m [37m-->[39m [37mPOST[39m [37m/wd/hub/session/e704a196-7258-4ee8-a8e1-235d60f2cfcc/elements[39m
[35m[HTTP][39m [90m{"using":"xpath","value":"//*[@class = 'android.view.ViewGroup' and (@text = '' or . = '')]"}[39m
[35m[HTTP][39m [37m<-- POST /wd/hub/session/e704a196-7258-4ee8-a8e1-235d60f2cfcc/elements [39m[32m200[39m [90m384 ms - 3723[39m
[35m[HTTP][39m [90m[39m
[35m[HTTP][39m [37m-->[39m [37mPOST[39m [37m/wd/hub/session/e704a196-7258-4ee8-a8e1-235d60f2cfcc/elements[39m
[35m[HTTP][39m [90m{"using":"accessibility id","value":"touchInputBGFood"}[39m
[35m[HTTP][39m [37m<-- POST /wd/hub/session/e704a196-7258-4ee8-a8e1-235d60f2cfcc/elements [39m[32m200[39m [90m33 ms - 139[39m
[35m[HTTP][39m [90m[39m
[35m[HTTP][39m [37m-->[39m [37mPOST[39m [37m/wd/hub/session/e704a196-7258-4ee8-a8e1-235d60f2cfcc/elements[39m
[35m[HTTP][39m [90m{"using":"xpath","value":"//*[@class = 'android.view.ViewGroup' and (@text = '' or . = '')]"}[39m
[35m[HTTP][39m [37m<-- POST /wd/hub/session/e704a196-7258-4ee8-a8e1-235d60f2cfcc/elements [39m[32m200[39m [90m86 ms - 3723[39m
[35m[HTTP][39m [90m[39m
[35m[HTTP][39m [37m-->[39m [37mPOST[39m [37m/wd/hub/session/e704a196-7258-4ee8-a8e1-235d60f2cfcc/elements[39m
[35m[HTTP][39m [90m{"using":"accessibility id","value":"touchInputBGFood"}[39m
[35m[HTTP][39m [37m<-- POST /wd/hub/session/e704a196-7258-4ee8-a8e1-235d60f2cfcc/elements [39m[32m200[39m [90m33 ms - 139[39m
[35m[HTTP][39m [90m[39m
[35m[HTTP][39m [37m-->[39m [37mGET[39m [37m/wd/hub/session/e704a196-7258-4ee8-a8e1-235d60f2cfcc/source[39m
[35m[HTTP][39m [90m{}[39m
[35m[W3C (e704a196)][39m Driver proxy active, passing request on via HTTP proxy
[35m[WD Proxy][39m Replacing sessionId 4fda3819-663f-43bb-861d-c788ce7d4809 with e704a196-7258-4ee8-a8e1-235d60f2cfcc
[35m[HTTP][39m [37m<-- GET /wd/hub/session/e704a196-7258-4ee8-a8e1-235d60f2cfcc/source [39m[32m200[39m [90m94 ms - 26566[39m
[35m[HTTP][39m [90m[39m
[35m[HTTP][39m [37m-->[39m [37mGET[39m [37m/wd/hub/session/e704a196-7258-4ee8-a8e1-235d60f2cfcc/screenshot[39m
[35m[HTTP][39m [90m{}[39m
[35m[HTTP][39m [37m<-- GET /wd/hub/session/e704a196-7258-4ee8-a8e1-235d60f2cfcc/screenshot [39m[32m200[39m [90m191 ms - 156978[39m
[35m[HTTP][39m [90m[39m
[35m[HTTP][39m [37m-->[39m [37mPOST[39m [37m/wd/hub/session/e704a196-7258-4ee8-a8e1-235d60f2cfcc/elements[39m
[35m[HTTP][39m [90m{"using":"xpath","value":"//*[@class = 'android.view.ViewGroup' and (@text = '' or . = '')]"}[39m
[35m[HTTP][39m [37m<-- POST /wd/hub/session/e704a196-7258-4ee8-a8e1-235d60f2cfcc/elements [39m[32m200[39m [90m80 ms - 3723[39m
[35m[HTTP][39m [90m[39m
[35m[HTTP][39m [37m-->[39m [37mPOST[39m [37m/wd/hub/session/e704a196-7258-4ee8-a8e1-235d60f2cfcc/elements[39m
[35m[HTTP][39m [90m{"using":"accessibility id","value":"touchInputBGFood"}[39m
[35m[HTTP][39m [37m<-- POST /wd/hub/session/e704a196-7258-4ee8-a8e1-235d60f2cfcc/elements [39m[32m200[39m [90m39 ms - 139[39m
[35m[HTTP][39m [90m[39m
[35m[HTTP][39m [37m-->[39m [37mGET[39m [37m/wd/hub/session/e704a196-7258-4ee8-a8e1-235d60f2cfcc/window/rect[39m
[35m[HTTP][39m [90m{}[39m
[35m[HTTP][39m [37m<-- GET /wd/hub/session/e704a196-7258-4ee8-a8e1-235d60f2cfcc/window/rect [39m[32m200[39m [90m7 ms - 50[39m
[35m[HTTP][39m [90m[39m
[35m[HTTP][39m [37m-->[39m [37mPOST[39m [37m/wd/hub/session/e704a196-7258-4ee8-a8e1-235d60f2cfcc/elements[39m
[35m[HTTP][39m [90m{"using":"accessibility id","value":"touchInputBGFood"}[39m
[35m[HTTP][39m [37m<-- POST /wd/hub/session/e704a196-7258-4ee8-a8e1-235d60f2cfcc/elements [39m[32m200[39m [90m27 ms - 139[39m
[35m[HTTP][39m [90m[39m
[35m[HTTP][39m [37m-->[39m [37mGET[39m [37m/wd/hub/session/e704a196-7258-4ee8-a8e1-235d60f2cfcc/element/00000000-0000-00ca-ffff-ffff0000040d/location[39m
[35m[HTTP][39m [90m{}[39m
[35m[W3C (e704a196)][39m Driver proxy active, passing request on via HTTP proxy
[35m[WD Proxy][39m Replacing sessionId 4fda3819-663f-43bb-861d-c788ce7d4809 with e704a196-7258-4ee8-a8e1-235d60f2cfcc
[35m[HTTP][39m [37m<-- GET /wd/hub/session/e704a196-7258-4ee8-a8e1-235d60f2cfcc/element/00000000-0000-00ca-ffff-ffff0000040d/location [39m[32m200[39m [90m14 ms - 78[39m
[35m[HTTP][39m [90m[39m
[35m[HTTP][39m [37m-->[39m [37mPOST[39m [37m/wd/hub/session/e704a196-7258-4ee8-a8e1-235d60f2cfcc/element/00000000-0000-00ca-ffff-ffff0000040d/click[39m
[35m[HTTP][39m [90m{"id":"00000000-0000-00ca-ffff-ffff0000040d"}[39m
[35m[HTTP][39m [37m<-- POST /wd/hub/session/e704a196-7258-4ee8-a8e1-235d60f2cfcc/element/00000000-0000-00ca-ffff-ffff0000040d/click [39m[32m200[39m [90m943 ms - 14[39m
[35m[HTTP][39m [90m[39m
[35m[HTTP][39m [37m-->[39m [37mGET[39m [37m/wd/hub/session/e704a196-7258-4ee8-a8e1-235d60f2cfcc/source[39m
[35m[HTTP][39m [90m{}[39m
[35m[W3C (e704a196)][39m Driver proxy active, passing request on via HTTP proxy
[35m[WD Proxy][39m Replacing sessionId 4fda3819-663f-43bb-861d-c788ce7d4809 with e704a196-7258-4ee8-a8e1-235d60f2cfcc
[35m[HTTP][39m [37m<-- GET /wd/hub/session/e704a196-7258-4ee8-a8e1-235d60f2cfcc/source [39m[32m200[39m [90m66 ms - 14433[39m
[35m[HTTP][39m [90m[39m
[35m[HTTP][39m [37m-->[39m [37mGET[39m [37m/wd/hub/session/e704a196-7258-4ee8-a8e1-235d60f2cfcc/screenshot[39m
[35m[HTTP][39m [90m{}[39m
[35m[HTTP][39m [37m<-- GET /wd/hub/session/e704a196-7258-4ee8-a8e1-235d60f2cfcc/screenshot [39m[32m200[39m [90m217 ms - 210030[39m
[35m[HTTP][39m [90m[39m
[35m[HTTP][39m [37m-->[39m [37mGET[39m [37m/wd/hub/session/e704a196-7258-4ee8-a8e1-235d60f2cfcc/source[39m
[35m[HTTP][39m [90m{}[39m
[35m[W3C (e704a196)][39m Driver proxy active, passing request on via HTTP proxy
[35m[WD Proxy][39m Replacing sessionId 4fda3819-663f-43bb-861d-c788ce7d4809 with e704a196-7258-4ee8-a8e1-235d60f2cfcc
[35m[HTTP][39m [37m<-- GET /wd/hub/session/e704a196-7258-4ee8-a8e1-235d60f2cfcc/source [39m[32m200[39m [90m147 ms - 14433[39m
[35m[HTTP][39m [90m[39m
[35m[HTTP][39m [37m-->[39m [37mGET[39m [37m/wd/hub/session/e704a196-7258-4ee8-a8e1-235d60f2cfcc/screenshot[39m
[35m[HTTP][39m [90m{}[39m
[35m[HTTP][39m [37m<-- GET /wd/hub/session/e704a196-7258-4ee8-a8e1-235d60f2cfcc/screenshot [39m[32m200[39m [90m185 ms - 210760[39m
[35m[HTTP][39m [90m[39m
[35m[HTTP][39m [37m-->[39m [37mPOST[39m [37m/wd/hub/session/e704a196-7258-4ee8-a8e1-235d60f2cfcc/elements[39m
[35m[HTTP][39m [90m{"using":"xpath","value":"//*[@class = 'android.widget.TextView' and (@text = 'Manual' or . = 'Manual')]"}[39m
[35m[HTTP][39m [37m<-- POST /wd/hub/session/e704a196-7258-4ee8-a8e1-235d60f2cfcc/elements [39m[32m200[39m [90m37 ms - 139[39m
[35m[HTTP][39m [90m[39m
[35m[HTTP][39m [37m-->[39m [37mGET[39m [37m/wd/hub/session/e704a196-7258-4ee8-a8e1-235d60f2cfcc/window/rect[39m
[35m[HTTP][39m [90m{}[39m
[35m[HTTP][39m [37m<-- GET /wd/hub/session/e704a196-7258-4ee8-a8e1-235d60f2cfcc/window/rect [39m[32m200[39m [90m5 ms - 50[39m
[35m[HTTP][39m [90m[39m
[35m[HTTP][39m [37m-->[39m [37mPOST[39m [37m/wd/hub/session/e704a196-7258-4ee8-a8e1-235d60f2cfcc/elements[39m
[35m[HTTP][39m [90m{"using":"xpath","value":"//*[@class = 'android.widget.TextView' and (@text = 'Manual' or . = 'Manual')]"}[39m
[35m[HTTP][39m [37m<-- POST /wd/hub/session/e704a196-7258-4ee8-a8e1-235d60f2cfcc/elements [39m[32m200[39m [90m32 ms - 139[39m
[35m[HTTP][39m [90m[39m
[35m[HTTP][39m [37m-->[39m [37mGET[39m [37m/wd/hub/session/e704a196-7258-4ee8-a8e1-235d60f2cfcc/element/00000000-0000-00d4-ffff-ffff00000515/location[39m
[35m[HTTP][39m [90m{}[39m
[35m[W3C (e704a196)][39m Driver proxy active, passing request on via HTTP proxy
[35m[WD Proxy][39m Replacing sessionId 4fda3819-663f-43bb-861d-c788ce7d4809 with e704a196-7258-4ee8-a8e1-235d60f2cfcc
[35m[HTTP][39m [37m<-- GET /wd/hub/session/e704a196-7258-4ee8-a8e1-235d60f2cfcc/element/00000000-0000-00d4-ffff-ffff00000515/location [39m[32m200[39m [90m13 ms - 79[39m
[35m[HTTP][39m [90m[39m
[35m[HTTP][39m [37m-->[39m [37mPOST[39m [37m/wd/hub/session/e704a196-7258-4ee8-a8e1-235d60f2cfcc/element/00000000-0000-00d4-ffff-ffff00000515/click[39m
[35m[HTTP][39m [90m{"id":"00000000-0000-00d4-ffff-ffff00000515"}[39m
[35m[HTTP][39m [37m<-- POST /wd/hub/session/e704a196-7258-4ee8-a8e1-235d60f2cfcc/element/00000000-0000-00d4-ffff-ffff00000515/click [39m[32m200[39m [90m46 ms - 14[39m
[35m[HTTP][39m [90m[39m
[35m[HTTP][39m [37m-->[39m [37mGET[39m [37m/wd/hub/session/e704a196-7258-4ee8-a8e1-235d60f2cfcc/source[39m
[35m[HTTP][39m [90m{}[39m
[35m[W3C (e704a196)][39m Driver proxy active, passing request on via HTTP proxy
[35m[WD Proxy][39m Replacing sessionId 4fda3819-663f-43bb-861d-c788ce7d4809 with e704a196-7258-4ee8-a8e1-235d60f2cfcc
[35m[HTTP][39m [37m<-- GET /wd/hub/session/e704a196-7258-4ee8-a8e1-235d60f2cfcc/source [39m[32m200[39m [90m683 ms - 7602[39m
[35m[HTTP][39m [90m[39m
[35m[HTTP][39m [37m-->[39m [37mGET[39m [37m/wd/hub/session/e704a196-7258-4ee8-a8e1-235d60f2cfcc/screenshot[39m
[35m[HTTP][39m [90m{}[39m
[35m[HTTP][39m [37m<-- GET /wd/hub/session/e704a196-7258-4ee8-a8e1-235d60f2cfcc/screenshot [39m[32m200[39m [90m227 ms - 43068[39m
[35m[HTTP][39m [90m[39m
[35m[HTTP][39m [37m-->[39m [37mGET[39m [37m/wd/hub/session/e704a196-7258-4ee8-a8e1-235d60f2cfcc/source[39m
[35m[HTTP][39m [90m{}[39m
[35m[W3C (e704a196)][39m Driver proxy active, passing request on via HTTP proxy
[35m[WD Proxy][39m Replacing sessionId 4fda3819-663f-43bb-861d-c788ce7d4809 with e704a196-7258-4ee8-a8e1-235d60f2cfcc
[35m[HTTP][39m [37m<-- GET /wd/hub/session/e704a196-7258-4ee8-a8e1-235d60f2cfcc/source [39m[32m200[39m [90m129 ms - 14667[39m
[35m[HTTP][39m [90m[39m
[35m[HTTP][39m [37m-->[39m [37mGET[39m [37m/wd/hub/session/e704a196-7258-4ee8-a8e1-235d60f2cfcc/screenshot[39m
[35m[HTTP][39m [90m{}[39m
[35m[HTTP][39m [37m<-- GET /wd/hub/session/e704a196-7258-4ee8-a8e1-235d60f2cfcc/screenshot [39m[32m200[39m [90m205 ms - 118352[39m
[35m[HTTP][39m [90m[39m
[35m[HTTP][39m [37m-->[39m [37mGET[39m [37m/wd/hub/session/e704a196-7258-4ee8-a8e1-235d60f2cfcc/source[39m
[35m[HTTP][39m [90m{}[39m
[35m[W3C (e704a196)][39m Driver proxy active, passing request on via HTTP proxy
[35m[WD Proxy][39m Replacing sessionId 4fda3819-663f-43bb-861d-c788ce7d4809 with e704a196-7258-4ee8-a8e1-235d60f2cfcc
[35m[HTTP][39m [37m<-- GET /wd/hub/session/e704a196-7258-4ee8-a8e1-235d60f2cfcc/source [39m[32m200[39m [90m121 ms - 26566[39m
[35m[HTTP][39m [90m[39m
[35m[HTTP][39m [37m-->[39m [37mGET[39m [37m/wd/hub/session/e704a196-7258-4ee8-a8e1-235d60f2cfcc/screenshot[39m
[35m[HTTP][39m [90m{}[39m
[35m[HTTP][39m [37m<-- GET /wd/hub/session/e704a196-7258-4ee8-a8e1-235d60f2cfcc/screenshot [39m[32m200[39m [90m179 ms - 157720[39m
[35m[HTTP][39m [90m[39m
[35m[HTTP][39m [37m-->[39m [37mPOST[39m [37m/wd/hub/session/e704a196-7258-4ee8-a8e1-235d60f2cfcc/elements[39m
[35m[HTTP][39m [90m{"using":"xpath","value":"//*[@class = 'android.view.ViewGroup' and (@text = '' or . = '')]"}[39m
[35m[HTTP][39m [37m<-- POST /wd/hub/session/e704a196-7258-4ee8-a8e1-235d60f2cfcc/elements [39m[32m200[39m [90m84 ms - 3723[39m
[35m[HTTP][39m [90m[39m
[35m[HTTP][39m [37m-->[39m [37mPOST[39m [37m/wd/hub/session/e704a196-7258-4ee8-a8e1-235d60f2cfcc/elements[39m
[35m[HTTP][39m [90m{"using":"accessibility id","value":"touchInputBGFood"}[39m
[35m[HTTP][39m [37m<-- POST /wd/hub/session/e704a196-7258-4ee8-a8e1-235d60f2cfcc/elements [39m[32m200[39m [90m31 ms - 139[39m
[35m[HTTP][39m [90m[39m
[35m[HTTP][39m [37m-->[39m [37mPOST[39m [37m/wd/hub/session/e704a196-7258-4ee8-a8e1-235d60f2cfcc/elements[39m
[35m[HTTP][39m [90m{"using":"xpath","value":"//*[@class = 'android.view.ViewGroup' and (@text = '' or . = '')]"}[39m
[35m[HTTP][39m [37m<-- POST /wd/hub/session/e704a196-7258-4ee8-a8e1-235d60f2cfcc/elements [39m[32m200[39m [90m64 ms - 3723[39m
[35m[HTTP][39m [90m[39m
[35m[HTTP][39m [37m-->[39m [37mPOST[39m [37m/wd/hub/session/e704a196-7258-4ee8-a8e1-235d60f2cfcc/elements[39m
[35m[HTTP][39m [90m{"using":"accessibility id","value":"touchInputBGFood"}[39m
[35m[HTTP][39m [37m<-- POST /wd/hub/session/e704a196-7258-4ee8-a8e1-235d60f2cfcc/elements [39m[32m200[39m [90m28 ms - 139[39m
[35m[HTTP][39m [90m[39m
[35m[HTTP][39m [37m-->[39m [37mGET[39m [37m/wd/hub/session/e704a196-7258-4ee8-a8e1-235d60f2cfcc/window/rect[39m
[35m[HTTP][39m [90m{}[39m
[35m[HTTP][39m [37m<-- GET /wd/hub/session/e704a196-7258-4ee8-a8e1-235d60f2cfcc/window/rect [39m[32m200[39m [90m6 ms - 50[39m
[35m[HTTP][39m [90m[39m
[35m[HTTP][39m [37m-->[39m [37mPOST[39m [37m/wd/hub/session/e704a196-7258-4ee8-a8e1-235d60f2cfcc/elements[39m
[35m[HTTP][39m [90m{"using":"accessibility id","value":"touchInputBGFood"}[39m
[35m[HTTP][39m [37m<-- POST /wd/hub/session/e704a196-7258-4ee8-a8e1-235d60f2cfcc/elements [39m[32m200[39m [90m29 ms - 139[39m
[35m[HTTP][39m [90m[39m
[35m[HTTP][39m [37m-->[39m [37mGET[39m [37m/wd/hub/session/e704a196-7258-4ee8-a8e1-235d60f2cfcc/element/00000000-0000-00ca-ffff-ffff0000040d/location[39m
[35m[HTTP][39m [90m{}[39m
[35m[W3C (e704a196)][39m Driver proxy active, passing request on via HTTP proxy
[35m[WD Proxy][39m Replacing sessionId 4fda3819-663f-43bb-861d-c788ce7d4809 with e704a196-7258-4ee8-a8e1-235d60f2cfcc
[35m[HTTP][39m [37m<-- GET /wd/hub/session/e704a196-7258-4ee8-a8e1-235d60f2cfcc/element/00000000-0000-00ca-ffff-ffff0000040d/location [39m[32m200[39m [90m9 ms - 78[39m
[35m[HTTP][39m [90m[39m
[35m[HTTP][39m [37m-->[39m [37mPOST[39m [37m/wd/hub/session/e704a196-7258-4ee8-a8e1-235d60f2cfcc/element/00000000-0000-00ca-ffff-ffff0000040d/click[39m
[35m[HTTP][39m [90m{"id":"00000000-0000-00ca-ffff-ffff0000040d"}[39m
[35m[HTTP][39m [37m<-- POST /wd/hub/session/e704a196-7258-4ee8-a8e1-235d60f2cfcc/element/00000000-0000-00ca-ffff-ffff0000040d/click [39m[32m200[39m [90m43 ms - 14[39m
[35m[HTTP][39m [90m[39m
[35m[HTTP][39m [37m-->[39m [37mGET[39m [37m/wd/hub/session/e704a196-7258-4ee8-a8e1-235d60f2cfcc/source[39m
[35m[HTTP][39m [90m{}[39m
[35m[W3C (e704a196)][39m Driver proxy active, passing request on via HTTP proxy
[35m[WD Proxy][39m Replacing sessionId 4fda3819-663f-43bb-861d-c788ce7d4809 with e704a196-7258-4ee8-a8e1-235d60f2cfcc
[35m[HTTP][39m [37m<-- GET /wd/hub/session/e704a196-7258-4ee8-a8e1-235d60f2cfcc/source [39m[32m200[39m [90m403 ms - 14433[39m
[35m[HTTP][39m [90m[39m
[35m[HTTP][39m [37m-->[39m [37mGET[39m [37m/wd/hub/session/e704a196-7258-4ee8-a8e1-235d60f2cfcc/screenshot[39m
[35m[HTTP][39m [90m{}[39m
[35m[HTTP][39m [37m<-- GET /wd/hub/session/e704a196-7258-4ee8-a8e1-235d60f2cfcc/screenshot [39m[32m200[39m [90m205 ms - 211578[39m
[35m[HTTP][39m [90m[39m
[35m[HTTP][39m [37m-->[39m [37mPOST[39m [37m/wd/hub/session/e704a196-7258-4ee8-a8e1-235d60f2cfcc/elements[39m
[35m[HTTP][39m [90m{"using":"xpath","value":"//*[@class = 'android.widget.TextView' and (@text = 'Manual' or . = 'Manual')]"}[39m
[35m[HTTP][39m [37m<-- POST /wd/hub/session/e704a196-7258-4ee8-a8e1-235d60f2cfcc/elements [39m[32m200[39m [90m32 ms - 139[39m
[35m[HTTP][39m [90m[39m
[35m[HTTP][39m [37m-->[39m [37mPOST[39m [37m/wd/hub/session/e704a196-7258-4ee8-a8e1-235d60f2cfcc/elements[39m
[35m[HTTP][39m [90m{"using":"xpath","value":"//*[@class = 'android.widget.TextView' and (@text = 'Manual' or . = 'Manual')]"}[39m
[35m[HTTP][39m [37m<-- POST /wd/hub/session/e704a196-7258-4ee8-a8e1-235d60f2cfcc/elements [39m[32m200[39m [90m31 ms - 139[39m
[35m[HTTP][39m [90m[39m
[35m[HTTP][39m [37m-->[39m [37mGET[39m [37m/wd/hub/session/e704a196-7258-4ee8-a8e1-235d60f2cfcc/source[39m
[35m[HTTP][39m [90m{}[39m
[35m[W3C (e704a196)][39m Driver proxy active, passing request on via HTTP proxy
[35m[WD Proxy][39m Replacing sessionId 4fda3819-663f-43bb-861d-c788ce7d4809 with e704a196-7258-4ee8-a8e1-235d60f2cfcc
[35m[HTTP][39m [37m<-- GET /wd/hub/session/e704a196-7258-4ee8-a8e1-235d60f2cfcc/source [39m[32m200[39m [90m58 ms - 14433[39m
[35m[HTTP][39m [90m[39m
[35m[HTTP][39m [37m-->[39m [37mGET[39m [37m/wd/hub/session/e704a196-7258-4ee8-a8e1-235d60f2cfcc/screenshot[39m
[35m[HTTP][39m [90m{}[39m
[35m[HTTP][39m [37m<-- GET /wd/hub/session/e704a196-7258-4ee8-a8e1-235d60f2cfcc/screenshot [39m[32m200[39m [90m201 ms - 211578[39m
[35m[HTTP][39m [90m[39m
[35m[HTTP][39m [37m-->[39m [37mGET[39m [37m/wd/hub/session/e704a196-7258-4ee8-a8e1-235d60f2cfcc/source[39m
[35m[HTTP][39m [90m{}[39m
[35m[W3C (e704a196)][39m Driver proxy active, passing request on via HTTP proxy
[35m[WD Proxy][39m Replacing sessionId 4fda3819-663f-43bb-861d-c788ce7d4809 with e704a196-7258-4ee8-a8e1-235d60f2cfcc
[35m[HTTP][39m [37m<-- GET /wd/hub/session/e704a196-7258-4ee8-a8e1-235d60f2cfcc/source [39m[32m200[39m [90m381 ms - 14667[39m
[35m[HTTP][39m [90m[39m
[35m[HTTP][39m [37m-->[39m [37mGET[39m [37m/wd/hub/session/e704a196-7258-4ee8-a8e1-235d60f2cfcc/screenshot[39m
[35m[HTTP][39m [90m{}[39m
[35m[HTTP][39m [37m<-- GET /wd/hub/session/e704a196-7258-4ee8-a8e1-235d60f2cfcc/screenshot [39m[32m200[39m [90m178 ms - 118622[39m
[35m[HTTP][39m [90m[39m
[35m[HTTP][39m [37m-->[39m [37mPOST[39m [37m/wd/hub/session/e704a196-7258-4ee8-a8e1-235d60f2cfcc/elements[39m
[35m[HTTP][39m [90m{"using":"xpath","value":"//*[@class = 'android.widget.TextView' and (@text = 'INPUT GULA DARAH' or . = 'INPUT GULA DARAH')]"}[39m
[35m[HTTP][39m [37m<-- POST /wd/hub/session/e704a196-7258-4ee8-a8e1-235d60f2cfcc/elements [39m[32m200[39m [90m30 ms - 139[39m
[35m[HTTP][39m [90m[39m
[35m[HTTP][39m [37m-->[39m [37mPOST[39m [37m/wd/hub/session/e704a196-7258-4ee8-a8e1-235d60f2cfcc/elements[39m
[35m[HTTP][39m [90m{"using":"xpath","value":"//*[@class = 'android.widget.TextView' and (@text = 'INPUT GULA DARAH' or . = 'INPUT GULA DARAH')]"}[39m
[35m[HTTP][39m [37m<-- POST /wd/hub/session/e704a196-7258-4ee8-a8e1-235d60f2cfcc/elements [39m[32m200[39m [90m32 ms - 139[39m
[35m[HTTP][39m [90m[39m
[35m[HTTP][39m [37m-->[39m [37mGET[39m [37m/wd/hub/session/e704a196-7258-4ee8-a8e1-235d60f2cfcc/source[39m
[35m[HTTP][39m [90m{}[39m
[35m[W3C (e704a196)][39m Driver proxy active, passing request on via HTTP proxy
[35m[WD Proxy][39m Replacing sessionId 4fda3819-663f-43bb-861d-c788ce7d4809 with e704a196-7258-4ee8-a8e1-235d60f2cfcc
[35m[HTTP][39m [37m<-- GET /wd/hub/session/e704a196-7258-4ee8-a8e1-235d60f2cfcc/source [39m[32m200[39m [90m57 ms - 14667[39m
[35m[HTTP][39m [90m[39m
[35m[HTTP][39m [37m-->[39m [37mGET[39m [37m/wd/hub/session/e704a196-7258-4ee8-a8e1-235d60f2cfcc/screenshot[39m
[35m[HTTP][39m [90m{}[39m
[35m[HTTP][39m [37m<-- GET /wd/hub/session/e704a196-7258-4ee8-a8e1-235d60f2cfcc/screenshot [39m[32m200[39m [90m177 ms - 118622[39m
[35m[HTTP][39m [90m[39m
[35m[HTTP][39m [37m-->[39m [37mGET[39m [37m/wd/hub/session/e704a196-7258-4ee8-a8e1-235d60f2cfcc/source[39m
[35m[HTTP][39m [90m{}[39m
[35m[W3C (e704a196)][39m Driver proxy active, passing request on via HTTP proxy
[35m[WD Proxy][39m Replacing sessionId 4fda3819-663f-43bb-861d-c788ce7d4809 with e704a196-7258-4ee8-a8e1-235d60f2cfcc
[35m[HTTP][39m [37m<-- GET /wd/hub/session/e704a196-7258-4ee8-a8e1-235d60f2cfcc/source [39m[32m200[39m [90m56 ms - 14667[39m
[35m[HTTP][39m [90m[39m
[35m[HTTP][39m [37m-->[39m [37mGET[39m [37m/wd/hub/session/e704a196-7258-4ee8-a8e1-235d60f2cfcc/screenshot[39m
[35m[HTTP][39m [90m{}[39m
[35m[HTTP][39m [37m<-- GET /wd/hub/session/e704a196-7258-4ee8-a8e1-235d60f2cfcc/screenshot [39m[32m200[39m [90m173 ms - 119304[39m
[35m[HTTP][39m [90m[39m
[35m[HTTP][39m [37m-->[39m [37mPOST[39m [37m/wd/hub/session/e704a196-7258-4ee8-a8e1-235d60f2cfcc/elements[39m
[35m[HTTP][39m [90m{"using":"xpath","value":"//*[@class = 'android.widget.TextView' and (@text = 'Masukan Tanggal' or . = 'Masukan Tanggal')]"}[39m
[35m[HTTP][39m [37m<-- POST /wd/hub/session/e704a196-7258-4ee8-a8e1-235d60f2cfcc/elements [39m[32m200[39m [90m39 ms - 139[39m
[35m[HTTP][39m [90m[39m
[35m[HTTP][39m [37m-->[39m [37mPOST[39m [37m/wd/hub/session/e704a196-7258-4ee8-a8e1-235d60f2cfcc/elements[39m
[35m[HTTP][39m [90m{"using":"xpath","value":"//*[@class = 'android.widget.TextView' and (@text = 'Masukan Tanggal' or . = 'Masukan Tanggal')]"}[39m
[35m[HTTP][39m [37m<-- POST /wd/hub/session/e704a196-7258-4ee8-a8e1-235d60f2cfcc/elements [39m[32m200[39m [90m28 ms - 139[39m
[35m[HTTP][39m [90m[39m
[35m[HTTP][39m [37m-->[39m [37mGET[39m [37m/wd/hub/session/e704a196-7258-4ee8-a8e1-235d60f2cfcc/source[39m
[35m[HTTP][39m [90m{}[39m
[35m[W3C (e704a196)][39m Driver proxy active, passing request on via HTTP proxy
[35m[WD Proxy][39m Replacing sessionId 4fda3819-663f-43bb-861d-c788ce7d4809 with e704a196-7258-4ee8-a8e1-235d60f2cfcc
[35m[HTTP][39m [37m<-- GET /wd/hub/session/e704a196-7258-4ee8-a8e1-235d60f2cfcc/source [39m[32m200[39m [90m58 ms - 14667[39m
[35m[HTTP][39m [90m[39m
[35m[HTTP][39m [37m-->[39m [37mGET[39m [37m/wd/hub/session/e704a196-7258-4ee8-a8e1-235d60f2cfcc/screenshot[39m
[35m[HTTP][39m [90m{}[39m
[35m[HTTP][39m [37m<-- GET /wd/hub/session/e704a196-7258-4ee8-a8e1-235d60f2cfcc/screenshot [39m[32m200[39m [90m179 ms - 119304[39m
[35m[HTTP][39m [90m[39m
[35m[HTTP][39m [37m-->[39m [37mPOST[39m [37m/wd/hub/session/e704a196-7258-4ee8-a8e1-235d60f2cfcc/elements[39m
[35m[HTTP][39m [90m{"using":"xpath","value":"//*[@class = 'android.widget.EditText' and (@text = '10 Mar 2023' or . = '10 Mar 2023')]"}[39m
[35m[HTTP][39m [37m<-- POST /wd/hub/session/e704a196-7258-4ee8-a8e1-235d60f2cfcc/elements [39m[32m200[39m [90m29 ms - 139[39m
[35m[HTTP][39m [90m[39m
[35m[HTTP][39m [37m-->[39m [37mPOST[39m [37m/wd/hub/session/e704a196-7258-4ee8-a8e1-235d60f2cfcc/elements[39m
[35m[HTTP][39m [90m{"using":"xpath","value":"//*[@class = 'android.widget.EditText' and (@text = '10 Mar 2023' or . = '10 Mar 2023')]"}[39m
[35m[HTTP][39m [37m<-- POST /wd/hub/session/e704a196-7258-4ee8-a8e1-235d60f2cfcc/elements [39m[32m200[39m [90m32 ms - 139[39m
[35m[HTTP][39m [90m[39m
[35m[HTTP][39m [37m-->[39m [37mGET[39m [37m/wd/hub/session/e704a196-7258-4ee8-a8e1-235d60f2cfcc/source[39m
[35m[HTTP][39m [90m{}[39m
[35m[W3C (e704a196)][39m Driver proxy active, passing request on via HTTP proxy
[35m[WD Proxy][39m Replacing sessionId 4fda3819-663f-43bb-861d-c788ce7d4809 with e704a196-7258-4ee8-a8e1-235d60f2cfcc
[35m[HTTP][39m [37m<-- GET /wd/hub/session/e704a196-7258-4ee8-a8e1-235d60f2cfcc/source [39m[32m200[39m [90m58 ms - 14667[39m
[35m[HTTP][39m [90m[39m
[35m[HTTP][39m [37m-->[39m [37mGET[39m [37m/wd/hub/session/e704a196-7258-4ee8-a8e1-235d60f2cfcc/screenshot[39m
[35m[HTTP][39m [90m{}[39m
[35m[HTTP][39m [37m<-- GET /wd/hub/session/e704a196-7258-4ee8-a8e1-235d60f2cfcc/screenshot [39m[32m200[39m [90m192 ms - 119132[39m
[35m[HTTP][39m [90m[39m
[35m[HTTP][39m [37m-->[39m [37mPOST[39m [37m/wd/hub/session/e704a196-7258-4ee8-a8e1-235d60f2cfcc/elements[39m
[35m[HTTP][39m [90m{"using":"xpath","value":"//*[@class = 'android.widget.TextView' and (@text = 'Jenis Pemeriksaan Gula Darah' or . = 'Jenis Pemeriksaan Gula Darah')]"}[39m
[35m[HTTP][39m [37m<-- POST /wd/hub/session/e704a196-7258-4ee8-a8e1-235d60f2cfcc/elements [39m[32m200[39m [90m29 ms - 139[39m
[35m[HTTP][39m [90m[39m
[35m[HTTP][39m [37m-->[39m [37mPOST[39m [37m/wd/hub/session/e704a196-7258-4ee8-a8e1-235d60f2cfcc/elements[39m
[35m[HTTP][39m [90m{"using":"xpath","value":"//*[@class = 'android.widget.TextView' and (@text = 'Jenis Pemeriksaan Gula Darah' or . = 'Jenis Pemeriksaan Gula Darah')]"}[39m
[35m[HTTP][39m [37m<-- POST /wd/hub/session/e704a196-7258-4ee8-a8e1-235d60f2cfcc/elements [39m[32m200[39m [90m31 ms - 139[39m
[35m[HTTP][39m [90m[39m
[35m[HTTP][39m [37m-->[39m [37mGET[39m [37m/wd/hub/session/e704a196-7258-4ee8-a8e1-235d60f2cfcc/source[39m
[35m[HTTP][39m [90m{}[39m
[35m[W3C (e704a196)][39m Driver proxy active, passing request on via HTTP proxy
[35m[WD Proxy][39m Replacing sessionId 4fda3819-663f-43bb-861d-c788ce7d4809 with e704a196-7258-4ee8-a8e1-235d60f2cfcc
[35m[HTTP][39m [37m<-- GET /wd/hub/session/e704a196-7258-4ee8-a8e1-235d60f2cfcc/source [39m[32m200[39m [90m58 ms - 14667[39m
[35m[HTTP][39m [90m[39m
[35m[HTTP][39m [37m-->[39m [37mGET[39m [37m/wd/hub/session/e704a196-7258-4ee8-a8e1-235d60f2cfcc/screenshot[39m
[35m[HTTP][39m [90m{}[39m
[35m[HTTP][39m [37m<-- GET /wd/hub/session/e704a196-7258-4ee8-a8e1-235d60f2cfcc/screenshot [39m[32m200[39m [90m182 ms - 119132[39m
[35m[HTTP][39m [90m[39m
[35m[HTTP][39m [37m-->[39m [37mPOST[39m [37m/wd/hub/session/e704a196-7258-4ee8-a8e1-235d60f2cfcc/elements[39m
[35m[HTTP][39m [90m{"using":"xpath","value":"//*[@class = 'android.widget.TextView' and (@text = 'Pilih Jenis Gula Darah' or . = 'Pilih Jenis Gula Darah') and @resource-id = 'android:id/text1']"}[39m
[35m[HTTP][39m [37m<-- POST /wd/hub/session/e704a196-7258-4ee8-a8e1-235d60f2cfcc/elements [39m[32m200[39m [90m28 ms - 139[39m
[35m[HTTP][39m [90m[39m
[35m[HTTP][39m [37m-->[39m [37mPOST[39m [37m/wd/hub/session/e704a196-7258-4ee8-a8e1-235d60f2cfcc/elements[39m
[35m[HTTP][39m [90m{"using":"xpath","value":"//*[@class = 'android.widget.TextView' and (@text = 'Pilih Jenis Gula Darah' or . = 'Pilih Jenis Gula Darah') and @resource-id = 'android:id/text1']"}[39m
[35m[HTTP][39m [37m<-- POST /wd/hub/session/e704a196-7258-4ee8-a8e1-235d60f2cfcc/elements [39m[32m200[39m [90m30 ms - 139[39m
[35m[HTTP][39m [90m[39m
[35m[HTTP][39m [37m-->[39m [37mGET[39m [37m/wd/hub/session/e704a196-7258-4ee8-a8e1-235d60f2cfcc/source[39m
[35m[HTTP][39m [90m{}[39m
[35m[W3C (e704a196)][39m Driver proxy active, passing request on via HTTP proxy
[35m[WD Proxy][39m Replacing sessionId 4fda3819-663f-43bb-861d-c788ce7d4809 with e704a196-7258-4ee8-a8e1-235d60f2cfcc
[35m[HTTP][39m [37m<-- GET /wd/hub/session/e704a196-7258-4ee8-a8e1-235d60f2cfcc/source [39m[32m200[39m [90m57 ms - 14667[39m
[35m[HTTP][39m [90m[39m
[35m[HTTP][39m [37m-->[39m [37mGET[39m [37m/wd/hub/session/e704a196-7258-4ee8-a8e1-235d60f2cfcc/screenshot[39m
[35m[HTTP][39m [90m{}[39m
[35m[HTTP][39m [37m<-- GET /wd/hub/session/e704a196-7258-4ee8-a8e1-235d60f2cfcc/screenshot [39m[32m200[39m [90m172 ms - 118138[39m
[35m[HTTP][39m [90m[39m
[35m[HTTP][39m [37m-->[39m [37mPOST[39m [37m/wd/hub/session/e704a196-7258-4ee8-a8e1-235d60f2cfcc/elements[39m
[35m[HTTP][39m [90m{"using":"xpath","value":"//*[@class = 'android.widget.TextView' and (@text = 'Pilih Jenis Gula Darah' or . = 'Pilih Jenis Gula Darah') and @resource-id = 'android:id/text1']"}[39m
[35m[HTTP][39m [37m<-- POST /wd/hub/session/e704a196-7258-4ee8-a8e1-235d60f2cfcc/elements [39m[32m200[39m [90m25 ms - 139[39m
[35m[HTTP][39m [90m[39m
[35m[HTTP][39m [37m-->[39m [37mGET[39m [37m/wd/hub/session/e704a196-7258-4ee8-a8e1-235d60f2cfcc/window/rect[39m
[35m[HTTP][39m [90m{}[39m
[35m[HTTP][39m [37m<-- GET /wd/hub/session/e704a196-7258-4ee8-a8e1-235d60f2cfcc/window/rect [39m[32m200[39m [90m6 ms - 50[39m
[35m[HTTP][39m [90m[39m
[35m[HTTP][39m [37m-->[39m [37mPOST[39m [37m/wd/hub/session/e704a196-7258-4ee8-a8e1-235d60f2cfcc/elements[39m
[35m[HTTP][39m [90m{"using":"xpath","value":"//*[@class = 'android.widget.TextView' and (@text = 'Pilih Jenis Gula Darah' or . = 'Pilih Jenis Gula Darah') and @resource-id = 'android:id/text1']"}[39m
[35m[HTTP][39m [37m<-- POST /wd/hub/session/e704a196-7258-4ee8-a8e1-235d60f2cfcc/elements [39m[32m200[39m [90m24 ms - 139[39m
[35m[HTTP][39m [90m[39m
[35m[HTTP][39m [37m-->[39m [37mGET[39m [37m/wd/hub/session/e704a196-7258-4ee8-a8e1-235d60f2cfcc/element/00000000-0000-00ca-ffff-ffff0000059b/location[39m
[35m[HTTP][39m [90m{}[39m
[35m[W3C (e704a196)][39m Driver proxy active, passing request on via HTTP proxy
[35m[WD Proxy][39m Replacing sessionId 4fda3819-663f-43bb-861d-c788ce7d4809 with e704a196-7258-4ee8-a8e1-235d60f2cfcc
[35m[HTTP][39m [37m<-- GET /wd/hub/session/e704a196-7258-4ee8-a8e1-235d60f2cfcc/element/00000000-0000-00ca-ffff-ffff0000059b/location [39m[32m200[39m [90m9 ms - 77[39m
[35m[HTTP][39m [90m[39m
[35m[HTTP][39m [37m-->[39m [37mPOST[39m [37m/wd/hub/session/e704a196-7258-4ee8-a8e1-235d60f2cfcc/element/00000000-0000-00ca-ffff-ffff0000059b/click[39m
[35m[HTTP][39m [90m{"id":"00000000-0000-00ca-ffff-ffff0000059b"}[39m
[35m[HTTP][39m [37m<-- POST /wd/hub/session/e704a196-7258-4ee8-a8e1-235d60f2cfcc/element/00000000-0000-00ca-ffff-ffff0000059b/click [39m[32m200[39m [90m48 ms - 14[39m
[35m[HTTP][39m [90m[39m
[35m[HTTP][39m [37m-->[39m [37mGET[39m [37m/wd/hub/session/e704a196-7258-4ee8-a8e1-235d60f2cfcc/source[39m
[35m[HTTP][39m [90m{}[39m
[35m[W3C (e704a196)][39m Driver proxy active, passing request on via HTTP proxy
[35m[WD Proxy][39m Replacing sessionId 4fda3819-663f-43bb-861d-c788ce7d4809 with e704a196-7258-4ee8-a8e1-235d60f2cfcc
[35m[HTTP][39m [37m<-- GET /wd/hub/session/e704a196-7258-4ee8-a8e1-235d60f2cfcc/source [39m[32m200[39m [90m141 ms - 8034[39m
[35m[HTTP][39m [90m[39m
[35m[HTTP][39m [37m-->[39m [37mGET[39m [37m/wd/hub/session/e704a196-7258-4ee8-a8e1-235d60f2cfcc/screenshot[39m
[35m[HTTP][39m [90m{}[39m
[35m[HTTP][39m [37m<-- GET /wd/hub/session/e704a196-7258-4ee8-a8e1-235d60f2cfcc/screenshot [39m[32m200[39m [90m176 ms - 132334[39m
[35m[HTTP][39m [90m[39m
[35m[HTTP][39m [37m-->[39m [37mGET[39m [37m/wd/hub/session/e704a196-7258-4ee8-a8e1-235d60f2cfcc/context[39m
[35m[HTTP][39m [90m{}[39m
[35m[HTTP][39m [37m<-- GET /wd/hub/session/e704a196-7258-4ee8-a8e1-235d60f2cfcc/context [39m[32m200[39m [90m1 ms - 22[39m
[35m[HTTP][39m [90m[39m
[35m[HTTP][39m [37m-->[39m [37mGET[39m [37m/wd/hub/session/e704a196-7258-4ee8-a8e1-235d60f2cfcc/contexts[39m
[35m[HTTP][39m [90m{}[39m
[35m[HTTP][39m [37m<-- GET /wd/hub/session/e704a196-7258-4ee8-a8e1-235d60f2cfcc/contexts [39m[32m200[39m [90m221 ms - 24[39m
[35m[HTTP][39m [90m[39m
[35m[HTTP][39m [37m-->[39m [37mPOST[39m [37m/wd/hub/session/e704a196-7258-4ee8-a8e1-235d60f2cfcc/context[39m
[35m[HTTP][39m [90m{"name":"NATIVE_APP"}[39m
[35m[HTTP][39m [37m<-- POST /wd/hub/session/e704a196-7258-4ee8-a8e1-235d60f2cfcc/context [39m[32m200[39m [90m1 ms - 14[39m
[35m[HTTP][39m [90m[39m
[35m[HTTP][39m [37m-->[39m [37mPOST[39m [37m/wd/hub/session/e704a196-7258-4ee8-a8e1-235d60f2cfcc/appium/device/press_keycode[39m
[35m[HTTP][39m [90m{"keycode":4}[39m
[35m[HTTP][39m [37m<-- POST /wd/hub/session/e704a196-7258-4ee8-a8e1-235d60f2cfcc/appium/device/press_keycode [39m[32m200[39m [90m201 ms - 14[39m
[35m[HTTP][39m [90m[39m
[35m[HTTP][39m [37m-->[39m [37mPOST[39m [37m/wd/hub/session/e704a196-7258-4ee8-a8e1-235d60f2cfcc/context[39m
[35m[HTTP][39m [90m{"name":"NATIVE_APP"}[39m
[35m[HTTP][39m [37m<-- POST /wd/hub/session/e704a196-7258-4ee8-a8e1-235d60f2cfcc/context [39m[32m200[39m [90m1 ms - 14[39m
[35m[HTTP][39m [90m[39m
[35m[HTTP][39m [37m-->[39m [37mGET[39m [37m/wd/hub/session/e704a196-7258-4ee8-a8e1-235d60f2cfcc/source[39m
[35m[HTTP][39m [90m{}[39m
[35m[W3C (e704a196)][39m Driver proxy active, passing request on via HTTP proxy
[35m[WD Proxy][39m Replacing sessionId 4fda3819-663f-43bb-861d-c788ce7d4809 with e704a196-7258-4ee8-a8e1-235d60f2cfcc
[35m[HTTP][39m [37m<-- GET /wd/hub/session/e704a196-7258-4ee8-a8e1-235d60f2cfcc/source [39m[32m200[39m [90m56 ms - 14667[39m
[35m[HTTP][39m [90m[39m
[35m[HTTP][39m [37m-->[39m [37mGET[39m [37m/wd/hub/session/e704a196-7258-4ee8-a8e1-235d60f2cfcc/screenshot[39m
[35m[HTTP][39m [90m{}[39m
[35m[HTTP][39m [37m<-- GET /wd/hub/session/e704a196-7258-4ee8-a8e1-235d60f2cfcc/screenshot [39m[32m200[39m [90m181 ms - 118138[39m
[35m[HTTP][39m [90m[39m
[35m[HTTP][39m [37m-->[39m [37mPOST[39m [37m/wd/hub/session/e704a196-7258-4ee8-a8e1-235d60f2cfcc/elements[39m
[35m[HTTP][39m [90m{"using":"xpath","value":"//*[@class = 'android.widget.TextView' and (@text = 'Masukan Waktu' or . = 'Masukan Waktu')]"}[39m
[35m[HTTP][39m [37m<-- POST /wd/hub/session/e704a196-7258-4ee8-a8e1-235d60f2cfcc/elements [39m[32m200[39m [90m35 ms - 139[39m
[35m[HTTP][39m [90m[39m
[35m[HTTP][39m [37m-->[39m [37mPOST[39m [37m/wd/hub/session/e704a196-7258-4ee8-a8e1-235d60f2cfcc/elements[39m
[35m[HTTP][39m [90m{"using":"xpath","value":"//*[@class = 'android.widget.TextView' and (@text = 'Masukan Waktu' or . = 'Masukan Waktu')]"}[39m
[35m[HTTP][39m [37m<-- POST /wd/hub/session/e704a196-7258-4ee8-a8e1-235d60f2cfcc/elements [39m[32m200[39m [90m22 ms - 139[39m
[35m[HTTP][39m [90m[39m
[35m[HTTP][39m [37m-->[39m [37mGET[39m [37m/wd/hub/session/e704a196-7258-4ee8-a8e1-235d60f2cfcc/source[39m
[35m[HTTP][39m [90m{}[39m
[35m[W3C (e704a196)][39m Driver proxy active, passing request on via HTTP proxy
[35m[WD Proxy][39m Replacing sessionId 4fda3819-663f-43bb-861d-c788ce7d4809 with e704a196-7258-4ee8-a8e1-235d60f2cfcc
[35m[HTTP][39m [37m<-- GET /wd/hub/session/e704a196-7258-4ee8-a8e1-235d60f2cfcc/source [39m[32m200[39m [90m56 ms - 14667[39m
[35m[HTTP][39m [90m[39m
[35m[HTTP][39m [37m-->[39m [37mGET[39m [37m/wd/hub/session/e704a196-7258-4ee8-a8e1-235d60f2cfcc/screenshot[39m
[35m[HTTP][39m [90m{}[39m
[35m[HTTP][39m [37m<-- GET /wd/hub/session/e704a196-7258-4ee8-a8e1-235d60f2cfcc/screenshot [39m[32m200[39m [90m179 ms - 117312[39m
[35m[HTTP][39m [90m[39m
[35m[HTTP][39m [37m-->[39m [37mPOST[39m [37m/wd/hub/session/e704a196-7258-4ee8-a8e1-235d60f2cfcc/elements[39m
[35m[HTTP][39m [90m{"using":"xpath","value":"//*[@class = 'android.widget.EditText' and (@text = 'Input Waktu' or . = 'Input Waktu')]"}[39m
[35m[HTTP][39m [37m<-- POST /wd/hub/session/e704a196-7258-4ee8-a8e1-235d60f2cfcc/elements [39m[32m200[39m [90m18 ms - 139[39m
[35m[HTTP][39m [90m[39m
[35m[HTTP][39m [37m-->[39m [37mPOST[39m [37m/wd/hub/session/e704a196-7258-4ee8-a8e1-235d60f2cfcc/elements[39m
[35m[HTTP][39m [90m{"using":"xpath","value":"//*[@class = 'android.widget.EditText' and (@text = 'Input Waktu' or . = 'Input Waktu')]"}[39m
[35m[HTTP][39m [37m<-- POST /wd/hub/session/e704a196-7258-4ee8-a8e1-235d60f2cfcc/elements [39m[32m200[39m [90m19 ms - 139[39m
[35m[HTTP][39m [90m[39m
[35m[HTTP][39m [37m-->[39m [37mGET[39m [37m/wd/hub/session/e704a196-7258-4ee8-a8e1-235d60f2cfcc/source[39m
[35m[HTTP][39m [90m{}[39m
[35m[W3C (e704a196)][39m Driver proxy active, passing request on via HTTP proxy
[35m[WD Proxy][39m Replacing sessionId 4fda3819-663f-43bb-861d-c788ce7d4809 with e704a196-7258-4ee8-a8e1-235d60f2cfcc
[35m[HTTP][39m [37m<-- GET /wd/hub/session/e704a196-7258-4ee8-a8e1-235d60f2cfcc/source [39m[32m200[39m [90m53 ms - 14667[39m
[35m[HTTP][39m [90m[39m
[35m[HTTP][39m [37m-->[39m [37mGET[39m [37m/wd/hub/session/e704a196-7258-4ee8-a8e1-235d60f2cfcc/screenshot[39m
[35m[HTTP][39m [90m{}[39m
[35m[HTTP][39m [37m<-- GET /wd/hub/session/e704a196-7258-4ee8-a8e1-235d60f2cfcc/screenshot [39m[32m200[39m [90m171 ms - 117312[39m
[35m[HTTP][39m [90m[39m
[35m[HTTP][39m [37m-->[39m [37mPOST[39m [37m/wd/hub/session/e704a196-7258-4ee8-a8e1-235d60f2cfcc/elements[39m
[35m[HTTP][39m [90m{"using":"xpath","value":"//*[@class = 'android.widget.TextView' and (@text = 'Gula Darah' or . = 'Gula Darah')]"}[39m
[35m[HTTP][39m [37m<-- POST /wd/hub/session/e704a196-7258-4ee8-a8e1-235d60f2cfcc/elements [39m[32m200[39m [90m26 ms - 139[39m
[35m[HTTP][39m [90m[39m
[35m[HTTP][39m [37m-->[39m [37mPOST[39m [37m/wd/hub/session/e704a196-7258-4ee8-a8e1-235d60f2cfcc/elements[39m
[35m[HTTP][39m [90m{"using":"xpath","value":"//*[@class = 'android.widget.TextView' and (@text = 'Gula Darah' or . = 'Gula Darah')]"}[39m
[35m[HTTP][39m [37m<-- POST /wd/hub/session/e704a196-7258-4ee8-a8e1-235d60f2cfcc/elements [39m[32m200[39m [90m24 ms - 139[39m
[35m[HTTP][39m [90m[39m
[35m[HTTP][39m [37m-->[39m [37mGET[39m [37m/wd/hub/session/e704a196-7258-4ee8-a8e1-235d60f2cfcc/source[39m
[35m[HTTP][39m [90m{}[39m
[35m[W3C (e704a196)][39m Driver proxy active, passing request on via HTTP proxy
[35m[WD Proxy][39m Replacing sessionId 4fda3819-663f-43bb-861d-c788ce7d4809 with e704a196-7258-4ee8-a8e1-235d60f2cfcc
[35m[HTTP][39m [37m<-- GET /wd/hub/session/e704a196-7258-4ee8-a8e1-235d60f2cfcc/source [39m[32m200[39m [90m57 ms - 14667[39m
[35m[HTTP][39m [90m[39m
[35m[HTTP][39m [37m-->[39m [37mGET[39m [37m/wd/hub/session/e704a196-7258-4ee8-a8e1-235d60f2cfcc/screenshot[39m
[35m[HTTP][39m [90m{}[39m
[35m[HTTP][39m [37m<-- GET /wd/hub/session/e704a196-7258-4ee8-a8e1-235d60f2cfcc/screenshot [39m[32m200[39m [90m173 ms - 117358[39m
[35m[HTTP][39m [90m[39m
[35m[HTTP][39m [37m-->[39m [37mPOST[39m [37m/wd/hub/session/e704a196-7258-4ee8-a8e1-235d60f2cfcc/elements[39m
[35m[HTTP][39m [90m{"using":"xpath","value":"//*[@class = 'android.widget.EditText' and (@text = '128 Mg/dL' or . = '128 Mg/dL')]"}[39m
[35m[HTTP][39m [37m<-- POST /wd/hub/session/e704a196-7258-4ee8-a8e1-235d60f2cfcc/elements [39m[32m200[39m [90m25 ms - 139[39m
[35m[HTTP][39m [90m[39m
[35m[HTTP][39m [37m-->[39m [37mPOST[39m [37m/wd/hub/session/e704a196-7258-4ee8-a8e1-235d60f2cfcc/elements[39m
[35m[HTTP][39m [90m{"using":"xpath","value":"//*[@class = 'android.widget.EditText' and (@text = '128 Mg/dL' or . = '128 Mg/dL')]"}[39m
[35m[HTTP][39m [37m<-- POST /wd/hub/session/e704a196-7258-4ee8-a8e1-235d60f2cfcc/elements [39m[32m200[39m [90m27 ms - 139[39m
[35m[HTTP][39m [90m[39m
[35m[HTTP][39m [37m-->[39m [37mGET[39m [37m/wd/hub/session/e704a196-7258-4ee8-a8e1-235d60f2cfcc/source[39m
[35m[HTTP][39m [90m{}[39m
[35m[W3C (e704a196)][39m Driver proxy active, passing request on via HTTP proxy
[35m[WD Proxy][39m Replacing sessionId 4fda3819-663f-43bb-861d-c788ce7d4809 with e704a196-7258-4ee8-a8e1-235d60f2cfcc
[35m[HTTP][39m [37m<-- GET /wd/hub/session/e704a196-7258-4ee8-a8e1-235d60f2cfcc/source [39m[32m200[39m [90m57 ms - 14667[39m
[35m[HTTP][39m [90m[39m
[35m[HTTP][39m [37m-->[39m [37mGET[39m [37m/wd/hub/session/e704a196-7258-4ee8-a8e1-235d60f2cfcc/screenshot[39m
[35m[HTTP][39m [90m{}[39m
[35m[HTTP][39m [37m<-- GET /wd/hub/session/e704a196-7258-4ee8-a8e1-235d60f2cfcc/screenshot [39m[32m200[39m [90m181 ms - 118334[39m
[35m[HTTP][39m [90m[39m
[35m[HTTP][39m [37m-->[39m [37mPOST[39m [37m/wd/hub/session/e704a196-7258-4ee8-a8e1-235d60f2cfcc/elements[39m
[35m[HTTP][39m [90m{"using":"xpath","value":"//*[@class = 'android.widget.TextView' and (@text = 'SELESAI' or . = 'SELESAI')]"}[39m
[35m[HTTP][39m [37m<-- POST /wd/hub/session/e704a196-7258-4ee8-a8e1-235d60f2cfcc/elements [39m[32m200[39m [90m20 ms - 139[39m
[35m[HTTP][39m [90m[39m
[35m[HTTP][39m [37m-->[39m [37mPOST[39m [37m/wd/hub/session/e704a196-7258-4ee8-a8e1-235d60f2cfcc/elements[39m
[35m[HTTP][39m [90m{"using":"xpath","value":"//*[@class = 'android.widget.TextView' and (@text = 'SELESAI' or . = 'SELESAI')]"}[39m
[35m[HTTP][39m [37m<-- POST /wd/hub/session/e704a196-7258-4ee8-a8e1-235d60f2cfcc/elements [39m[32m200[39m [90m23 ms - 139[39m
[35m[HTTP][39m [90m[39m
[35m[HTTP][39m [37m-->[39m [37mGET[39m [37m/wd/hub/session/e704a196-7258-4ee8-a8e1-235d60f2cfcc/source[39m
[35m[HTTP][39m [90m{}[39m
[35m[W3C (e704a196)][39m Driver proxy active, passing request on via HTTP proxy
[35m[WD Proxy][39m Replacing sessionId 4fda3819-663f-43bb-861d-c788ce7d4809 with e704a196-7258-4ee8-a8e1-235d60f2cfcc
[35m[HTTP][39m [37m<-- GET /wd/hub/session/e704a196-7258-4ee8-a8e1-235d60f2cfcc/source [39m[32m200[39m [90m56 ms - 14667[39m
[35m[HTTP][39m [90m[39m
[35m[HTTP][39m [37m-->[39m [37mGET[39m [37m/wd/hub/session/e704a196-7258-4ee8-a8e1-235d60f2cfcc/screenshot[39m
[35m[HTTP][39m [90m{}[39m
[35m[HTTP][39m [37m<-- GET /wd/hub/session/e704a196-7258-4ee8-a8e1-235d60f2cfcc/screenshot [39m[32m200[39m [90m183 ms - 117854[39m
[35m[HTTP][39m [90m[39m
[35m[HTTP][39m [37m-->[39m [37mPOST[39m [37m/wd/hub/session/e704a196-7258-4ee8-a8e1-235d60f2cfcc/elements[39m
[35m[HTTP][39m [90m{"using":"xpath","value":"//*[@class = 'android.widget.TextView' and (@text = 'SELESAI' or . = 'SELESAI')]"}[39m
[35m[HTTP][39m [37m<-- POST /wd/hub/session/e704a196-7258-4ee8-a8e1-235d60f2cfcc/elements [39m[32m200[39m [90m25 ms - 139[39m
[35m[HTTP][39m [90m[39m
[35m[HTTP][39m [37m-->[39m [37mGET[39m [37m/wd/hub/session/e704a196-7258-4ee8-a8e1-235d60f2cfcc/window/rect[39m
[35m[HTTP][39m [90m{}[39m
[35m[HTTP][39m [37m<-- GET /wd/hub/session/e704a196-7258-4ee8-a8e1-235d60f2cfcc/window/rect [39m[32m200[39m [90m5 ms - 50[39m
[35m[HTTP][39m [90m[39m
[35m[HTTP][39m [37m-->[39m [37mPOST[39m [37m/wd/hub/session/e704a196-7258-4ee8-a8e1-235d60f2cfcc/elements[39m
[35m[HTTP][39m [90m{"using":"xpath","value":"//*[@class = 'android.widget.TextView' and (@text = 'SELESAI' or . = 'SELESAI')]"}[39m
[35m[HTTP][39m [37m<-- POST /wd/hub/session/e704a196-7258-4ee8-a8e1-235d60f2cfcc/elements [39m[32m200[39m [90m24 ms - 139[39m
[35m[HTTP][39m [90m[39m
[35m[HTTP][39m [37m-->[39m [37mGET[39m [37m/wd/hub/session/e704a196-7258-4ee8-a8e1-235d60f2cfcc/element/00000000-0000-00ca-ffff-ffff0000058a/location[39m
[35m[HTTP][39m [90m{}[39m
[35m[W3C (e704a196)][39m Driver proxy active, passing request on via HTTP proxy
[35m[WD Proxy][39m Replacing sessionId 4fda3819-663f-43bb-861d-c788ce7d4809 with e704a196-7258-4ee8-a8e1-235d60f2cfcc
[35m[HTTP][39m [37m<-- GET /wd/hub/session/e704a196-7258-4ee8-a8e1-235d60f2cfcc/element/00000000-0000-00ca-ffff-ffff0000058a/location [39m[32m200[39m [90m10 ms - 79[39m
[35m[HTTP][39m [90m[39m
[35m[HTTP][39m [37m-->[39m [37mPOST[39m [37m/wd/hub/session/e704a196-7258-4ee8-a8e1-235d60f2cfcc/element/00000000-0000-00ca-ffff-ffff0000058a/click[39m
[35m[HTTP][39m [90m{"id":"00000000-0000-00ca-ffff-ffff0000058a"}[39m
[35m[HTTP][39m [37m<-- POST /wd/hub/session/e704a196-7258-4ee8-a8e1-235d60f2cfcc/element/00000000-0000-00ca-ffff-ffff0000058a/click [39m[32m200[39m [90m38 ms - 14[39m
[35m[HTTP][39m [90m[39m
[35m[HTTP][39m [37m-->[39m [37mGET[39m [37m/wd/hub/session/e704a196-7258-4ee8-a8e1-235d60f2cfcc/source[39m
[35m[HTTP][39m [90m{}[39m
[35m[W3C (e704a196)][39m Driver proxy active, passing request on via HTTP proxy
[35m[WD Proxy][39m Replacing sessionId 4fda3819-663f-43bb-861d-c788ce7d4809 with e704a196-7258-4ee8-a8e1-235d60f2cfcc
[35m[HTTP][39m [37m<-- GET /wd/hub/session/e704a196-7258-4ee8-a8e1-235d60f2cfcc/source [39m[32m200[39m [90m27 ms - 6977[39m
[35m[HTTP][39m [90m[39m
[35m[HTTP][39m [37m-->[39m [37mGET[39m [37m/wd/hub/session/e704a196-7258-4ee8-a8e1-235d60f2cfcc/screenshot[39m
[35m[HTTP][39m [90m{}[39m
[35m[HTTP][39m [37m<-- GET /wd/hub/session/e704a196-7258-4ee8-a8e1-235d60f2cfcc/screenshot [39m[32m200[39m [90m182 ms - 127366[39m
[35m[HTTP][39m [90m[39m
[35m[HTTP][39m [37m-->[39m [37mPOST[39m [37m/wd/hub/session/e704a196-7258-4ee8-a8e1-235d60f2cfcc/elements[39m
[35m[HTTP][39m [90m{"using":"xpath","value":"//*[@class = 'android.widget.TextView' and (@text = 'Alert' or . = 'Alert') and @resource-id = 'android:id/alertTitle']"}[39m
[35m[HTTP][39m [37m<-- POST /wd/hub/session/e704a196-7258-4ee8-a8e1-235d60f2cfcc/elements [39m[32m200[39m [90m26 ms - 139[39m
[35m[HTTP][39m [90m[39m
[35m[HTTP][39m [37m-->[39m [37mPOST[39m [37m/wd/hub/session/e704a196-7258-4ee8-a8e1-235d60f2cfcc/elements[39m
[35m[HTTP][39m [90m{"using":"xpath","value":"//*[@class = 'android.widget.TextView' and (@text = 'Alert' or . = 'Alert') and @resource-id = 'android:id/alertTitle']"}[39m
[35m[HTTP][39m [37m<-- POST /wd/hub/session/e704a196-7258-4ee8-a8e1-235d60f2cfcc/elements [39m[32m200[39m [90m16 ms - 139[39m
[35m[HTTP][39m [90m[39m
[35m[HTTP][39m [37m-->[39m [37mGET[39m [37m/wd/hub/session/e704a196-7258-4ee8-a8e1-235d60f2cfcc/source[39m
[35m[HTTP][39m [90m{}[39m
[35m[W3C (e704a196)][39m Driver proxy active, passing request on via HTTP proxy
[35m[WD Proxy][39m Replacing sessionId 4fda3819-663f-43bb-861d-c788ce7d4809 with e704a196-7258-4ee8-a8e1-235d60f2cfcc
[35m[HTTP][39m [37m<-- GET /wd/hub/session/e704a196-7258-4ee8-a8e1-235d60f2cfcc/source [39m[32m200[39m [90m29 ms - 6977[39m
[35m[HTTP][39m [90m[39m
[35m[HTTP][39m [37m-->[39m [37mGET[39m [37m/wd/hub/session/e704a196-7258-4ee8-a8e1-235d60f2cfcc/screenshot[39m
[35m[HTTP][39m [90m{}[39m
[35m[HTTP][39m [37m<-- GET /wd/hub/session/e704a196-7258-4ee8-a8e1-235d60f2cfcc/screenshot [39m[32m200[39m [90m174 ms - 127690[39m
[35m[HTTP][39m [90m[39m
[35m[HTTP][39m [37m-->[39m [37mPOST[39m [37m/wd/hub/session/e704a196-7258-4ee8-a8e1-235d60f2cfcc/elements[39m
[35m[HTTP][39m [90m{"using":"xpath","value":"//*[@class = 'android.widget.TextView' and (@text = 'Waktu tidak boleh kosong\nGula darah tidak boleh kosong\nJenis gula darah tidak boleh kosong' or . = 'Waktu tidak boleh kosong\nGula darah tidak boleh kosong\nJenis gula darah tidak boleh kosong') and @resource-id = 'android:id/message']"}[39m
[35m[HTTP][39m [37m<-- POST /wd/hub/session/e704a196-7258-4ee8-a8e1-235d60f2cfcc/elements [39m[32m200[39m [90m17 ms - 139[39m
[35m[HTTP][39m [90m[39m
[35m[HTTP][39m [37m-->[39m [37mPOST[39m [37m/wd/hub/session/e704a196-7258-4ee8-a8e1-235d60f2cfcc/elements[39m
[35m[HTTP][39m [90m{"using":"xpath","value":"//*[@class = 'android.widget.TextView' and (@text = 'Waktu tidak boleh kosong\nGula darah tidak boleh kosong\nJenis gula darah tidak boleh kosong' or . = 'Waktu tidak boleh kosong\nGula darah tidak boleh kosong\nJenis gula darah tidak boleh kosong') and @resource-id = 'android:id/message']"}[39m
[35m[HTTP][39m [37m<-- POST /wd/hub/session/e704a196-7258-4ee8-a8e1-235d60f2cfcc/elements [39m[32m200[39m [90m16 ms - 139[39m
[35m[HTTP][39m [90m[39m
[35m[HTTP][39m [37m-->[39m [37mGET[39m [37m/wd/hub/session/e704a196-7258-4ee8-a8e1-235d60f2cfcc/source[39m
[35m[HTTP][39m [90m{}[39m
[35m[W3C (e704a196)][39m Driver proxy active, passing request on via HTTP proxy
[35m[WD Proxy][39m Replacing sessionId 4fda3819-663f-43bb-861d-c788ce7d4809 with e704a196-7258-4ee8-a8e1-235d60f2cfcc
[35m[HTTP][39m [37m<-- GET /wd/hub/session/e704a196-7258-4ee8-a8e1-235d60f2cfcc/source [39m[32m200[39m [90m29 ms - 6977[39m
[35m[HTTP][39m [90m[39m
[35m[HTTP][39m [37m-->[39m [37mGET[39m [37m/wd/hub/session/e704a196-7258-4ee8-a8e1-235d60f2cfcc/screenshot[39m
[35m[HTTP][39m [90m{}[39m
[35m[HTTP][39m [37m<-- GET /wd/hub/session/e704a196-7258-4ee8-a8e1-235d60f2cfcc/screenshot [39m[32m200[39m [90m180 ms - 127794[39m
[35m[HTTP][39m [90m[39m
